<?xml version="1.0" encoding="UTF-8"?>
<!-- Generated by org.testng.reporters.JUnitReportReporter -->
<testsuite hostname="PC" name="com.comarch.training.PositiveCases" tests="23" failures="0" timestamp="13 Jul 2015 11:38:30 GMT" time="0.030" errors="0">
  <testcase name="minusTest" time="0.000" classname="com.comarch.training.PositiveCases"/>
  <testcase name="divideTest" time="0.000" classname="com.comarch.training.PositiveCases"/>
  <testcase name="multiplyTest" time="0.000" classname="com.comarch.training.PositiveCases"/>
  <testcase name="divideTest" time="0.000" classname="com.comarch.training.PositiveCases"/>
  <testcase name="addingTest" time="0.000" classname="com.comarch.training.PositiveCases"/>
  <testcase name="multiplyTest" time="0.000" classname="com.comarch.training.PositiveCases"/>
  <testcase name="addingTest" time="0.000" classname="com.comarch.training.PositiveCases"/>
  <testcase name="divideTest" time="0.000" classname="com.comarch.training.PositiveCases"/>
  <testcase name="divideTest" time="0.010" classname="com.comarch.training.PositiveCases"/>
  <testcase name="minusTest" time="0.000" classname="com.comarch.training.PositiveCases"/>
  <testcase name="minusTest" time="0.000" classname="com.comarch.training.PositiveCases"/>
  <testcase name="addToMemory" time="0.010" classname="com.comarch.training.PositiveCases"/>
  <testcase name="divideTest" time="0.000" classname="com.comarch.training.PositiveCases"/>
  <testcase name="minusTest" time="0.000" classname="com.comarch.training.PositiveCases"/>
  <testcase name="minusTest" time="0.000" classname="com.comarch.training.PositiveCases"/>
  <testcase name="multiplyTest" time="0.000" classname="com.comarch.training.PositiveCases"/>
  <testcase name="addingTest" time="0.000" classname="com.comarch.training.PositiveCases"/>
  <testcase name="multiplyTest" time="0.000" classname="com.comarch.training.PositiveCases"/>
  <testcase name="addingTest" time="0.010" classname="com.comarch.training.PositiveCases"/>
  <testcase name="multiplyTest" time="0.000" classname="com.comarch.training.PositiveCases"/>
  <testcase name="getMemory" time="0.000" classname="com.comarch.training.PositiveCases"/>
  <testcase name="setMemory" time="0.000" classname="com.comarch.training.PositiveCases"/>
  <testcase name="addingTest" time="0.000" classname="com.comarch.training.PositiveCases"/>
</testsuite> <!-- com.comarch.training.PositiveCases -->
